/*C1*/SET SCHEMA SYSTEM_LOBS
INSERT INTO BLOCKS VALUES(0,2147483647,0)
COMMIT
/*C2*/SET SCHEMA PUBLIC
CREATE TABLE utilisateur\u000a(\u000a    id INT PRIMARY KEY NOT NULL,\u000a    nom VARCHAR(100),\u000a    prenom VARCHAR(100),\u000a    email VARCHAR(255),\u000a    date_naissance DATE,\u000a    pays VARCHAR(255),\u000a    ville VARCHAR(255),\u000a    code_postal VARCHAR(5),\u000a    nombre_achat INT\u000a)
DROP TABLE UTILISATEUR\u000a
CREATE TABLE UTILISATEURS\u000a(\u000a    id INT PRIMARY KEY NOT NULL,\u000a    nom VARCHAR(100),\u000a    prenom VARCHAR(100),\u000a)\u000a
INSERT INTO UTILISATEURS VALUES(1,'Armand','Rebecca')
INSERT INTO UTILISATEURS VALUES(2,'Hebert','Aim\u00e9e')
COMMIT
DISCONNECT
/*C3*/SET SCHEMA PUBLIC
DISCONNECT
/*C4*/SET SCHEMA PUBLIC
CREATE TABLE LISTECOURSES(\u000a    IDOBJET INTEGER GENERATED BY DEFAULT AS IDENTITY(START WITH 1) PRIMARY KEY, \u000a    LIBELLE VARCHAR(50) NOT NULL, \u000a    QUANTITE INTEGER NOT NULL\u000a)
INSERT INTO LISTECOURSES VALUES(1,'Banane',3)
COMMIT
INSERT INTO LISTECOURSES VALUES(2,'Sucre blanc',75)
COMMIT
INSERT INTO LISTECOURSES VALUES(3,'Oeuf',1)
COMMIT
INSERT INTO LISTECOURSES VALUES(4,'Levure',1)
COMMIT
INSERT INTO LISTECOURSES VALUES(5,'Sel',1)
COMMIT
INSERT INTO LISTECOURSES VALUES(6,'Farine',150)
COMMIT
INSERT INTO LISTECOURSES VALUES(7,'Beurre',70)
COMMIT
